déc. 01, 2024 10:05:07 PM imt.fr.service.Game initializeGame
INFO: Game initialized on Card: Level1 at DESERT (length: 3)
déc. 01, 2024 10:05:07 PM imt.fr.service.Game initializeGame
INFO: Hero chosen: Warrior (HP: 10, Attack: 20, Defense: 3)
déc. 01, 2024 10:05:07 PM imt.fr.service.Game initializeGame
INFO: 3 enemies created for this level.
déc. 01, 2024 10:05:07 PM imt.fr.service.Game startGame
INFO: Initializing game...
déc. 01, 2024 10:05:07 PM imt.fr.service.Game startGame
INFO: Warrior begins the adventure!
déc. 01, 2024 10:05:07 PM imt.fr.service.Game startGame
INFO: An enemy appears!
déc. 01, 2024 10:05:07 PM imt.fr.entity.Hero attack
INFO: Warrior attacks Monster 1 with a power of 20
déc. 01, 2024 10:05:07 PM imt.fr.entity.Enemies.Enemy receiveDamage
INFO: Monster 1 takes 17 damage after defense, remaining HP: 0
déc. 01, 2024 10:05:07 PM imt.fr.service.Game startGame
INFO: The enemy has been defeated!
déc. 01, 2024 10:05:07 PM imt.fr.service.Game startGame
INFO: An enemy appears!
déc. 01, 2024 10:05:07 PM imt.fr.entity.Hero attack
INFO: Warrior attacks Monster 2 with a power of 20
déc. 01, 2024 10:05:07 PM imt.fr.entity.Enemies.Enemy receiveDamage
INFO: Monster 2 takes 16 damage after defense, remaining HP: 0
déc. 01, 2024 10:05:07 PM imt.fr.service.Game startGame
INFO: The enemy has been defeated!
déc. 01, 2024 10:05:07 PM imt.fr.service.Game startGame
INFO: An enemy appears!
déc. 01, 2024 10:05:07 PM imt.fr.entity.Hero attack
INFO: Warrior attacks Monster 3 with a power of 20
déc. 01, 2024 10:05:07 PM imt.fr.entity.Enemies.Enemy receiveDamage
INFO: Monster 3 takes 15 damage after defense, remaining HP: 0
déc. 01, 2024 10:05:07 PM imt.fr.service.Game startGame
INFO: The enemy has been defeated!

déc. 01, 2024 10:05:07 PM imt.fr.service.Game startGame
INFO: Congratulations, you completed the level!
déc. 01, 2024 10:08:19 PM imt.fr.service.Game initializeGame
INFO: Initializing game...
déc. 01, 2024 10:08:57 PM imt.fr.service.Game initializeGame
INFO: Game initialized on Card: Level1 at DESERT (length: 3)
déc. 01, 2024 10:08:57 PM imt.fr.service.Game initializeGame
INFO: Hero chosen: Mage (HP: 15, Attack: 15, Defense: 5)
déc. 01, 2024 10:08:57 PM imt.fr.service.Game initializeGame
INFO: 3 enemies created for this level.
déc. 01, 2024 10:08:57 PM imt.fr.service.Game startGame
INFO: Initializing game...
déc. 01, 2024 10:08:57 PM imt.fr.service.Game startGame
INFO: Mage begins the adventure!
déc. 01, 2024 10:08:57 PM imt.fr.service.Game startGame
INFO: An enemy appears!
déc. 01, 2024 10:08:57 PM imt.fr.entity.Hero attack
INFO: Mage attacks Monster 1 with a power of 15
déc. 01, 2024 10:08:57 PM imt.fr.entity.Enemies.Enemy receiveDamage
INFO: Monster 1 takes 12 damage after defense, remaining HP: 0
déc. 01, 2024 10:08:57 PM imt.fr.service.Game startGame
INFO: The enemy has been defeated!
déc. 01, 2024 10:08:57 PM imt.fr.service.Game startGame
INFO: An enemy appears!
déc. 01, 2024 10:08:57 PM imt.fr.entity.Hero attack
INFO: Mage attacks Monster 2 with a power of 15
déc. 01, 2024 10:08:57 PM imt.fr.entity.Enemies.Enemy receiveDamage
INFO: Monster 2 takes 11 damage after defense, remaining HP: 0
déc. 01, 2024 10:08:57 PM imt.fr.service.Game startGame
INFO: The enemy has been defeated!
déc. 01, 2024 10:08:57 PM imt.fr.service.Game startGame
INFO: An enemy appears!
déc. 01, 2024 10:08:57 PM imt.fr.entity.Hero attack
INFO: Mage attacks Monster 3 with a power of 15
déc. 01, 2024 10:08:57 PM imt.fr.entity.Enemies.Enemy receiveDamage
INFO: Monster 3 takes 10 damage after defense, remaining HP: 0
déc. 01, 2024 10:08:57 PM imt.fr.service.Game startGame
INFO: The enemy has been defeated!
déc. 01, 2024 10:08:57 PM imt.fr.service.Game startGame
INFO: Congratulations, you completed the level!
déc. 01, 2024 10:28:15 PM imt.fr.service.Game initializeGame
INFO: Initializing game...
déc. 01, 2024 10:28:42 PM imt.fr.service.Game initializeGame
INFO: Game initialized on Card: Level2 at FOREST (length: 4)
déc. 01, 2024 10:28:42 PM imt.fr.service.Game initializeGame
INFO: Hero chosen: Captain-Ousmane (HP: 10, Attack: 20, Defense: 3)
déc. 01, 2024 10:28:42 PM imt.fr.service.Game initializeGame
INFO: 4 enemies created for this level.
déc. 01, 2024 10:28:42 PM imt.fr.service.Game startGame
INFO: Initializing game...
déc. 01, 2024 10:28:42 PM imt.fr.service.Game startGame
INFO: Captain-Ousmane begins the adventure!
déc. 01, 2024 10:28:42 PM imt.fr.service.Game startGame
INFO: An enemy appears!
déc. 01, 2024 10:28:42 PM imt.fr.entity.Hero attack
INFO: Captain-Ousmane attacks Monster 1 with a power of 20
déc. 01, 2024 10:28:42 PM imt.fr.entity.Enemies.Enemy receiveDamage
INFO: Monster 1 takes 17 damage after defense, remaining HP: 0
déc. 01, 2024 10:28:42 PM imt.fr.service.Game startGame
INFO: The enemy has been defeated!
déc. 01, 2024 10:28:42 PM imt.fr.service.Game startGame
INFO: An enemy appears!
déc. 01, 2024 10:28:42 PM imt.fr.entity.Hero attack
INFO: Captain-Ousmane attacks Monster 2 with a power of 20
déc. 01, 2024 10:28:42 PM imt.fr.entity.Enemies.Enemy receiveDamage
INFO: Monster 2 takes 16 damage after defense, remaining HP: 0
déc. 01, 2024 10:28:42 PM imt.fr.service.Game startGame
INFO: The enemy has been defeated!
déc. 01, 2024 10:28:42 PM imt.fr.service.Game startGame
INFO: An enemy appears!
déc. 01, 2024 10:28:42 PM imt.fr.entity.Hero attack
INFO: Captain-Ousmane attacks Monster 3 with a power of 20
déc. 01, 2024 10:28:42 PM imt.fr.entity.Enemies.Enemy receiveDamage
INFO: Monster 3 takes 15 damage after defense, remaining HP: 0
déc. 01, 2024 10:28:42 PM imt.fr.service.Game startGame
INFO: The enemy has been defeated!
déc. 01, 2024 10:28:42 PM imt.fr.service.Game startGame
INFO: An enemy appears!
déc. 01, 2024 10:28:42 PM imt.fr.entity.Hero attack
INFO: Captain-Ousmane attacks Monster 4 with a power of 20
déc. 01, 2024 10:28:42 PM imt.fr.entity.Enemies.Enemy receiveDamage
INFO: Monster 4 takes 14 damage after defense, remaining HP: 0
déc. 01, 2024 10:28:42 PM imt.fr.service.Game startGame
INFO: The enemy has been defeated!
déc. 01, 2024 10:28:42 PM imt.fr.service.Game startGame
INFO: Congratulations, you completed the level!
